2026-01-15T06:37:45.931Z - Fetching: http://localhost:8082/wp-json/wp/v2/categories?hide_empty=false
2026-01-15T06:37:46.056Z - Fetching: http://localhost:8082/wp-json/wp/v2/posts?_embed
2026-01-15T06:37:50.082Z - Fetching: http://localhost:8082/wp-json/wp/v2/categories?hide_empty=false
2026-01-15T06:37:50.194Z - Fetching: http://localhost:8082/wp-json/wp/v2/posts?_embed
2026-01-15T06:38:48.464Z - Fetching: http://localhost:8082/wp-json/wp/v2/categories?hide_empty=false
2026-01-15T06:38:48.580Z - Fetching: http://localhost:8082/wp-json/wp/v2/posts?_embed
2026-01-15T06:39:35.797Z - Fetching: http://localhost:8082/wp-json/wp/v2/categories?hide_empty=false
2026-01-15T06:39:35.938Z - Fetching: http://localhost:8082/wp-json/wp/v2/posts?_embed
2026-01-15T06:39:42.420Z - Fetching: http://localhost:8082/wp-json/wp/v2/categories?hide_empty=false
2026-01-15T06:39:42.464Z - Fetching: http://localhost:8082/wp-json/wp/v2/categories?hide_empty=false
2026-01-15T06:39:42.574Z - Fetching: http://localhost:8082/wp-json/wp/v2/posts?_embed
2026-01-15T06:39:42.657Z - Fetching: http://localhost:8082/wp-json/wp/v2/posts?_embed
2026-01-15T06:39:51.189Z - Fetching: http://localhost:8082/wp-json/wc/v3/products?per_page=20
2026-01-15T06:39:51.194Z - Fetching: http://localhost:8082/wp-json/wc/v3/products/categories?per_page=50&hide_empty=false
2026-01-15T06:39:51.195Z - Fetching: http://localhost:8082/wp-json/wp/v2/posts?_embed
2026-01-15T06:40:38.166Z - Fetching: http://localhost:8082/wp-json/wp/v2/posts?slug=thiet-ke-website-ban-hang&_embed
2026-01-15T06:40:38.180Z - Fetching: http://localhost:8082/wp-json/wp/v2/posts?slug=thiet-ke-website-ban-hang&_embed
2026-01-15T06:40:38.355Z - Fetching: http://localhost:8082/wp-json/wp/v2/posts?_embed
2026-01-15T06:41:06.270Z - Fetching: http://localhost:8082/wp-json/wp/v2/posts?slug=thiet-ke-website-ban-hang&_embed
2026-01-15T06:41:06.280Z - Fetching: http://localhost:8082/wp-json/wp/v2/posts?slug=thiet-ke-website-ban-hang&_embed
2026-01-15T06:41:06.483Z - Fetching: http://localhost:8082/wp-json/wp/v2/posts?_embed
